%Warning-EOFNEWLINE: rtl/MainSM/LTSM/Common/ltsm_state_n_pkg.sv:78:11: Missing newline at end of file (POSIX 3.206).
                                                                     : ... Suggest add newline.
   78 | endpackage
      |           ^
                     ... For warning description see https://verilator.org/warn/EOFNEWLINE?v=5.046
                     ... Use "/* verilator lint_off EOFNEWLINE */" and lint_on around source to disable this message.
%Warning-EOFNEWLINE: rtl/MainSM/common/LTSM_state_pkg.sv:14:11: Missing newline at end of file (POSIX 3.206).
                                                              : ... Suggest add newline.
   14 | endpackage
      |           ^
%Warning-EOFNEWLINE: rtl/MainSM/LTSM/MBINIT/MBINIT_PARAM.sv:793:10: Missing newline at end of file (POSIX 3.206).
                                                                  : ... Suggest add newline.
  793 | endmodule
      |          ^
%Warning-EOFNEWLINE: rtl/MainSM/LTSM/MBINIT/MBINIT_REPAIRCLK.sv:452:10: Missing newline at end of file (POSIX 3.206).
                                                                      : ... Suggest add newline.
  452 | endmodule
      |          ^
%Warning-EOFNEWLINE: rtl/MainSM/LTSM/MBINIT/MBINIT_REPAIRVAL.sv:458:10: Missing newline at end of file (POSIX 3.206).
                                                                      : ... Suggest add newline.
  458 | endmodule
      |          ^
%Warning-EOFNEWLINE: rtl/MainSM/LTSM/MBINIT/MBINIT_REVERSALMB.sv:652:10: Missing newline at end of file (POSIX 3.206).
                                                                       : ... Suggest add newline.
  652 | endmodule
      |          ^
%Warning-EOFNEWLINE: rtl/MainSM/LTSM/MBINIT/MBINIT_REPAIRMB.sv:878:10: Missing newline at end of file (POSIX 3.206).
                                                                     : ... Suggest add newline.
  878 | endmodule
      |          ^
%Warning-EOFNEWLINE: rtl/MainSM/LTSM/MBINIT/MBINIT.sv:268:10: Missing newline at end of file (POSIX 3.206).
                                                            : ... Suggest add newline.
  268 | endmodule
      |          ^
%Warning-DECLFILENAME: rtl/MainSM/LTSM/Common/TimeOut_counter.sv:1:8: Filename 'TimeOut_counter' does not match MODULE name: 'timeout_counter'
    1 | module timeout_counter
      |        ^~~~~~~~~~~~~~~
                       ... For warning description see https://verilator.org/warn/DECLFILENAME?v=5.046
                       ... Use "/* verilator lint_off DECLFILENAME */" and lint_on around source to disable this message.
%Warning-DECLFILENAME: rtl/MainSM/LTSM/MBINIT/MBINIT_controller.sv:16:8: Filename 'MBINIT_controller' does not match MODULE name: 'MBINIT_CONTROLLER'
   16 | module MBINIT_CONTROLLER
      |        ^~~~~~~~~~~~~~~~~
%Warning-PINCONNECTEMPTY: rtl/MainSM/LTSM/MBINIT/MBINIT_WRAPPER.sv:507:10: Instance pin connected by name with empty reference: 'd2c_clk_sampling'
  507 |         .d2c_clk_sampling(),
      |          ^~~~~~~~~~~~~~~~
                          ... For warning description see https://verilator.org/warn/PINCONNECTEMPTY?v=5.046
                          ... Use "/* verilator lint_off PINCONNECTEMPTY */" and lint_on around source to disable this message.
%Warning-PINCONNECTEMPTY: rtl/MainSM/LTSM/MBINIT/MBINIT_WRAPPER.sv:508:10: Instance pin connected by name with empty reference: 'd2c_burst_count'
  508 |         .d2c_burst_count(),
      |          ^~~~~~~~~~~~~~~
%Warning-PINCONNECTEMPTY: rtl/MainSM/LTSM/MBINIT/MBINIT_WRAPPER.sv:509:10: Instance pin connected by name with empty reference: 'd2c_idle_count'
  509 |         .d2c_idle_count(),
      |          ^~~~~~~~~~~~~~
%Warning-PINCONNECTEMPTY: rtl/MainSM/LTSM/MBINIT/MBINIT_WRAPPER.sv:510:10: Instance pin connected by name with empty reference: 'd2c_iter_count'
  510 |         .d2c_iter_count(),
      |          ^~~~~~~~~~~~~~
%Warning-DECLFILENAME: tb/wrapper/MBINIT_Wrapper/MBINIT_WRAPPER_tb.sv:5:11: Filename 'MBINIT_WRAPPER_tb' does not match IFACE name: 'ucie_mb_cap_if'
    5 | interface ucie_mb_cap_if;
      |           ^~~~~~~~~~~~~~
%Warning-IMPORTSTAR: rtl/MainSM/LTSM/MBINIT/MBINIT_CAL.sv:1:8: 'import::*' in $unit scope may pollute global namespace
    1 | import UCIe_pkg::*;
      |        ^~~~~~~~
                     ... For warning description see https://verilator.org/warn/IMPORTSTAR?v=5.046
                     ... Use "/* verilator lint_off IMPORTSTAR */" and lint_on around source to disable this message.
%Warning-IMPORTSTAR: rtl/MainSM/LTSM/MBINIT/MBINIT_REPAIRCLK.sv:1:8: 'import::*' in $unit scope may pollute global namespace
    1 | import UCIe_pkg::*;
      |        ^~~~~~~~
%Warning-IMPORTSTAR: rtl/MainSM/LTSM/MBINIT/MBINIT_REPAIRVAL.sv:1:8: 'import::*' in $unit scope may pollute global namespace
    1 | import UCIe_pkg::*;
      |        ^~~~~~~~
%Warning-IMPORTSTAR: rtl/MainSM/LTSM/MBINIT/MBINIT_REVERSALMB.sv:26:8: 'import::*' in $unit scope may pollute global namespace
   26 | import UCIe_pkg::*;
      |        ^~~~~~~~
%Warning-IMPORTSTAR: rtl/MainSM/LTSM/MBINIT/MBINIT_REPAIRMB.sv:14:8: 'import::*' in $unit scope may pollute global namespace
   14 | import UCIe_pkg::*;
      |        ^~~~~~~~
%Warning-IMPORTSTAR: rtl/MainSM/LTSM/MBINIT/MBINIT_controller.sv:1:8: 'import::*' in $unit scope may pollute global namespace
    1 | import UCIe_pkg::*;
      |        ^~~~~~~~
%Warning-IMPORTSTAR: rtl/MainSM/LTSM/MBINIT/MBINIT_controller.sv:2:8: 'import::*' in $unit scope may pollute global namespace
    2 | import ltsm_state_n_pkg::*;
      |        ^~~~~~~~~~~~~~~~
%Warning-IMPORTSTAR: rtl/MainSM/LTSM/MBINIT/MBINIT_WRAPPER.sv:1:8: 'import::*' in $unit scope may pollute global namespace
    1 | import UCIe_pkg::*;
      |        ^~~~~~~~
%Warning-IMPORTSTAR: rtl/MainSM/LTSM/MBINIT/MBINIT_WRAPPER.sv:2:8: 'import::*' in $unit scope may pollute global namespace
    2 | import ltsm_state_n_pkg::*;
      |        ^~~~~~~~~~~~~~~~
%Warning-IMPORTSTAR: rtl/MainSM/LTSM/MBINIT/MBINIT.sv:1:8: 'import::*' in $unit scope may pollute global namespace
    1 | import UCIe_pkg::*;
      |        ^~~~~~~~
%Warning-IMPORTSTAR: rtl/MainSM/LTSM/MBINIT/MBINIT.sv:2:8: 'import::*' in $unit scope may pollute global namespace
    2 | import ltsm_state_n_pkg::*;
      |        ^~~~~~~~~~~~~~~~
%Warning-IMPORTSTAR: tb/wrapper/MBINIT_Wrapper/MBINIT_WRAPPER_tb.sv:2:8: 'import::*' in $unit scope may pollute global namespace
    2 | import UCIe_pkg::*;
      |        ^~~~~~~~
%Warning-IMPORTSTAR: tb/wrapper/MBINIT_Wrapper/MBINIT_WRAPPER_tb.sv:3:8: 'import::*' in $unit scope may pollute global namespace
    3 | import ltsm_state_n_pkg::*;
      |        ^~~~~~~~~~~~~~~~
%Warning-UNUSEDPARAM: rtl/MainSM/LTSM/MBINIT/MBINIT.sv:6:19: Parameter is not used: 'CLK_FRQ_HZ'
                                                           : ... note: In instance 'MBINIT'
    6 |     parameter int CLK_FRQ_HZ = 800000000
      |                   ^~~~~~~~~~
                      ... For warning description see https://verilator.org/warn/UNUSEDPARAM?v=5.046
                      ... Use "/* verilator lint_off UNUSEDPARAM */" and lint_on around source to disable this message.
%Warning-UNUSEDSIGNAL: rtl/MainSM/LTSM/MBINIT/MBINIT_WRAPPER.sv:27:25: Signal is not used: 'local_sbfe'
                                                                     : ... note: In instance 'MBINIT.u_mbinit_wrapper'
   27 |     input  logic        local_sbfe,
      |                         ^~~~~~~~~~
                       ... For warning description see https://verilator.org/warn/UNUSEDSIGNAL?v=5.046
                       ... Use "/* verilator lint_off UNUSEDSIGNAL */" and lint_on around source to disable this message.
%Warning-UNUSEDSIGNAL: rtl/MainSM/LTSM/MBINIT/MBINIT_WRAPPER.sv:31:25: Signal is not used: 'local_so'
                                                                     : ... note: In instance 'MBINIT.u_mbinit_wrapper'
   31 |     input  logic        local_so,
      |                         ^~~~~~~~
%Warning-UNUSEDSIGNAL: rtl/MainSM/LTSM/MBINIT/MBINIT_WRAPPER.sv:35:25: Signal is not used: 'local_mtp'
                                                                     : ... note: In instance 'MBINIT.u_mbinit_wrapper'
   35 |     input  logic        local_mtp,
      |                         ^~~~~~~~~
%Warning-UNUSEDPARAM: rtl/MainSM/LTSM/MBINIT/MBINIT_PARAM.sv:53:18: Parameter is not used: 'CLK_FRQ_HZ'
                                                                  : ... note: In instance 'MBINIT.u_mbinit_wrapper.u_param'
   53 | #( parameter int CLK_FRQ_HZ = 800000000)
      |                  ^~~~~~~~~~
%Warning-UNUSEDSIGNAL: rtl/MainSM/LTSM/MBINIT/MBINIT_PARAM.sv:68:25: Signal is not used: 'sb_param_rx_MsgInfo'
                                                                   : ... note: In instance 'MBINIT.u_mbinit_wrapper.u_param'
   68 |     input  logic [15:0] sb_param_rx_MsgInfo,
      |                         ^~~~~~~~~~~~~~~~~~~
%Warning-UNUSEDSIGNAL: rtl/MainSM/LTSM/MBINIT/MBINIT_PARAM.sv:96:23: Signal is not used: 'Max_Link_Width_cap'
                                                                   : ... note: In instance 'MBINIT.u_mbinit_wrapper.u_param'
   96 |     input logic [2:0] Max_Link_Width_cap,
      |                       ^~~~~~~~~~~~~~~~~~
%Warning-UNUSEDSIGNAL: rtl/MainSM/LTSM/MBINIT/MBINIT_PARAM.sv:324:14: Signal is not used: 'partner_S1_RESP'
                                                                    : ... note: In instance 'MBINIT.u_mbinit_wrapper.u_param'
  324 | logic [63:0] partner_S1_RESP;
      |              ^~~~~~~~~~~~~~~
%Warning-UNUSEDSIGNAL: rtl/MainSM/LTSM/MBINIT/MBINIT_PARAM.sv:326:14: Bits of signal are not used: 'partner_S2_RESP'[63:16,13:11,8:4]
                                                                    : ... note: In instance 'MBINIT.u_mbinit_wrapper.u_param'
  326 | logic [63:0] partner_S2_RESP;
      |              ^~~~~~~~~~~~~~~
%Warning-UNUSEDSIGNAL: rtl/MainSM/LTSM/MBINIT/MBINIT_PARAM.sv:327:14: Signal is not used: 'partner_S4_REQ'
                                                                    : ... note: In instance 'MBINIT.u_mbinit_wrapper.u_param'
  327 | logic [63:0] partner_S4_REQ;
      |              ^~~~~~~~~~~~~~
%Warning-UNUSEDSIGNAL: rtl/MainSM/LTSM/MBINIT/MBINIT_PARAM.sv:328:14: Bits of signal are not used: 'partner_S4_RESP'[63:5]
                                                                    : ... note: In instance 'MBINIT.u_mbinit_wrapper.u_param'
  328 | logic [63:0] partner_S4_RESP;
      |              ^~~~~~~~~~~~~~~
%Warning-UNUSEDSIGNAL: rtl/MainSM/LTSM/MBINIT/MBINIT_PARAM.sv:401:14: Bits of signal are not used: 'comb_partner_S1_REQ'[63:16,12:11,8:4]
                                                                    : ... note: In instance 'MBINIT.u_mbinit_wrapper.u_param'
  401 | logic [63:0] comb_partner_S1_REQ;
      |              ^~~~~~~~~~~~~~~~~~~
%Warning-UNUSEDSIGNAL: rtl/MainSM/LTSM/MBINIT/MBINIT_PARAM.sv:441:14: Bits of signal are not used: 'comb_partner_S2_REQ'[63:5]
                                                                    : ... note: In instance 'MBINIT.u_mbinit_wrapper.u_param'
  441 | logic [63:0] comb_partner_S2_REQ;
      |              ^~~~~~~~~~~~~~~~~~~
%Warning-UNUSEDPARAM: rtl/MainSM/LTSM/MBINIT/MBINIT_CAL.sv:4:17: Parameter is not used: 'CLK_FRQ_HZ'
                                                               : ... note: In instance 'MBINIT.u_mbinit_wrapper.u_cal'
    4 | #(parameter int CLK_FRQ_HZ = 800000000)
      |                 ^~~~~~~~~~
%Warning-UNUSEDSIGNAL: rtl/MainSM/LTSM/MBINIT/MBINIT_CAL.sv:18:25: Signal is not used: 'sb_cal_rx_MsgInfo'
                                                                 : ... note: In instance 'MBINIT.u_mbinit_wrapper.u_cal'
   18 |     input  logic [15:0] sb_cal_rx_MsgInfo,
      |                         ^~~~~~~~~~~~~~~~~
%Warning-UNUSEDSIGNAL: rtl/MainSM/LTSM/MBINIT/MBINIT_CAL.sv:19:25: Signal is not used: 'sb_cal_rx_data_Field'
                                                                 : ... note: In instance 'MBINIT.u_mbinit_wrapper.u_cal'
   19 |     input  logic [63:0] sb_cal_rx_data_Field,
      |                         ^~~~~~~~~~~~~~~~~~~~
%Warning-UNUSEDPARAM: rtl/MainSM/LTSM/MBINIT/MBINIT_REPAIRCLK.sv:4:18: Parameter is not used: 'CLK_FRQ_HZ'
                                                                     : ... note: In instance 'MBINIT.u_mbinit_wrapper.u_repairclk'
    4 | #( parameter int CLK_FRQ_HZ = 800000000)
      |                  ^~~~~~~~~~
%Warning-UNUSEDSIGNAL: rtl/MainSM/LTSM/MBINIT/MBINIT_REPAIRCLK.sv:16:25: Bits of signal are not used: 'sb_repairclk_rx_MsgInfo'[15:3]
                                                                       : ... note: In instance 'MBINIT.u_mbinit_wrapper.u_repairclk'
   16 |     input  logic [15:0] sb_repairclk_rx_MsgInfo,
      |                         ^~~~~~~~~~~~~~~~~~~~~~~
%Warning-UNUSEDSIGNAL: rtl/MainSM/LTSM/MBINIT/MBINIT_REPAIRCLK.sv:17:25: Signal is not used: 'sb_repairclk_rx_data_Field'
                                                                       : ... note: In instance 'MBINIT.u_mbinit_wrapper.u_repairclk'
   17 |     input  logic [63:0] sb_repairclk_rx_data_Field,
      |                         ^~~~~~~~~~~~~~~~~~~~~~~~~~
%Warning-UNUSEDPARAM: rtl/MainSM/LTSM/MBINIT/MBINIT_REPAIRVAL.sv:4:18: Parameter is not used: 'CLK_FRQ_HZ'
                                                                     : ... note: In instance 'MBINIT.u_mbinit_wrapper.u_repairval'
    4 | #( parameter int CLK_FRQ_HZ = 800000000)
      |                  ^~~~~~~~~~
%Warning-UNUSEDSIGNAL: rtl/MainSM/LTSM/MBINIT/MBINIT_REPAIRVAL.sv:15:25: Bits of signal are not used: 'sb_repairval_rx_MsgInfo'[15:1]
                                                                       : ... note: In instance 'MBINIT.u_mbinit_wrapper.u_repairval'
   15 |     input  logic [15:0] sb_repairval_rx_MsgInfo,
      |                         ^~~~~~~~~~~~~~~~~~~~~~~
%Warning-UNUSEDSIGNAL: rtl/MainSM/LTSM/MBINIT/MBINIT_REPAIRVAL.sv:16:25: Signal is not used: 'sb_repairval_rx_data_Field'
                                                                       : ... note: In instance 'MBINIT.u_mbinit_wrapper.u_repairval'
   16 |     input  logic [63:0] sb_repairval_rx_data_Field,
      |                         ^~~~~~~~~~~~~~~~~~~~~~~~~~
%Warning-UNUSEDPARAM: rtl/MainSM/LTSM/MBINIT/MBINIT_REVERSALMB.sv:29:18: Parameter is not used: 'CLK_FRQ_HZ'
                                                                       : ... note: In instance 'MBINIT.u_mbinit_wrapper.u_reversalmb'
   29 | #( parameter int CLK_FRQ_HZ = 800000000)
      |                  ^~~~~~~~~~
%Warning-UNUSEDSIGNAL: rtl/MainSM/LTSM/MBINIT/MBINIT_REVERSALMB.sv:40:25: Signal is not used: 'sb_reversal_rx_MsgInfo'
                                                                        : ... note: In instance 'MBINIT.u_mbinit_wrapper.u_reversalmb'
   40 |     input  logic [15:0] sb_reversal_rx_MsgInfo,
      |                         ^~~~~~~~~~~~~~~~~~~~~~
%Warning-UNUSEDSIGNAL: rtl/MainSM/LTSM/MBINIT/MBINIT_REVERSALMB.sv:41:25: Bits of signal are not used: 'sb_reversal_rx_data_Field'[63:16]
                                                                        : ... note: In instance 'MBINIT.u_mbinit_wrapper.u_reversalmb'
   41 |     input  logic [63:0] sb_reversal_rx_data_Field,
      |                         ^~~~~~~~~~~~~~~~~~~~~~~~~
%Warning-UNUSEDPARAM: rtl/MainSM/LTSM/MBINIT/MBINIT_REPAIRMB.sv:17:18: Parameter is not used: 'CLK_FRQ_HZ'
                                                                     : ... note: In instance 'MBINIT.u_mbinit_wrapper.u_repairmb'
   17 | #( parameter int CLK_FRQ_HZ = 800000000 )
      |                  ^~~~~~~~~~
%Warning-UNUSEDSIGNAL: rtl/MainSM/LTSM/MBINIT/MBINIT_REPAIRMB.sv:31:29: Bits of signal are not used: 'sb_repairmb_rx_MsgInfo'[15:3]
                                                                      : ... note: In instance 'MBINIT.u_mbinit_wrapper.u_repairmb'
   31 |     input  logic    [15:0]  sb_repairmb_rx_MsgInfo,
      |                             ^~~~~~~~~~~~~~~~~~~~~~
%Warning-UNUSEDSIGNAL: rtl/MainSM/LTSM/MBINIT/MBINIT_REPAIRMB.sv:32:29: Signal is not used: 'sb_repairmb_rx_data_Field'
                                                                      : ... note: In instance 'MBINIT.u_mbinit_wrapper.u_repairmb'
   32 |     input  logic    [63:0]  sb_repairmb_rx_data_Field,
      |                             ^~~~~~~~~~~~~~~~~~~~~~~~~
- V e r i l a t i o n   R e p o r t: Verilator 5.046 2026-02-28 rev v5.046
- Verilator: Built from 1.997 MB sources in 18 modules, into 0.497 MB in 4 C++ files needing 0.000 MB
- Verilator: Walltime 0.190 s (elab=0.017, cvt=0.104, bld=0.000); cpu 0.181 s on 1 threads; allocated 41.496 MB
